{"/home/ubuntu/obsidian-plugins/obsidian-graph-island/.autonomous-worktrees/auto-20260507-130001-594173/src/parsers/metadata-parser.ts": {"path":"/home/ubuntu/obsidian-plugins/obsidian-graph-island/.autonomous-worktrees/auto-20260507-130001-594173/src/parsers/metadata-parser.ts","statementMap":{"0":{"start":{"line":19,"column":26},"end":{"line":19,"column":null}},"1":{"start":{"line":20,"column":26},"end":{"line":20,"column":null}},"2":{"start":{"line":34,"column":15},"end":{"line":34,"column":72}},"3":{"start":{"line":35,"column":15},"end":{"line":35,"column":34}},"4":{"start":{"line":37,"column":1},"end":{"line":38,"column":null}},"5":{"start":{"line":37,"column":40},"end":{"line":37,"column":66}},"6":{"start":{"line":38,"column":2},"end":{"line":38,"column":null}},"7":{"start":{"line":39,"column":1},"end":{"line":40,"column":null}},"8":{"start":{"line":39,"column":40},"end":{"line":39,"column":66}},"9":{"start":{"line":40,"column":2},"end":{"line":40,"column":null}},"10":{"start":{"line":41,"column":1},"end":{"line":42,"column":null}},"11":{"start":{"line":41,"column":48},"end":{"line":41,"column":74}},"12":{"start":{"line":42,"column":2},"end":{"line":42,"column":null}},"13":{"start":{"line":43,"column":1},"end":{"line":44,"column":null}},"14":{"start":{"line":43,"column":48},"end":{"line":43,"column":74}},"15":{"start":{"line":44,"column":2},"end":{"line":44,"column":null}},"16":{"start":{"line":45,"column":1},"end":{"line":45,"column":null}},"17":{"start":{"line":45,"column":36},"end":{"line":45,"column":62}},"18":{"start":{"line":45,"column":64},"end":{"line":45,"column":null}},"19":{"start":{"line":46,"column":1},"end":{"line":46,"column":null}},"20":{"start":{"line":46,"column":37},"end":{"line":46,"column":63}},"21":{"start":{"line":46,"column":65},"end":{"line":46,"column":null}},"22":{"start":{"line":47,"column":1},"end":{"line":48,"column":null}},"23":{"start":{"line":47,"column":38},"end":{"line":47,"column":64}},"24":{"start":{"line":48,"column":2},"end":{"line":48,"column":null}},"25":{"start":{"line":49,"column":1},"end":{"line":50,"column":null}},"26":{"start":{"line":49,"column":45},"end":{"line":49,"column":71}},"27":{"start":{"line":50,"column":2},"end":{"line":50,"column":null}},"28":{"start":{"line":51,"column":1},"end":{"line":51,"column":null}},"29":{"start":{"line":51,"column":33},"end":{"line":51,"column":null}},"30":{"start":{"line":53,"column":1},"end":{"line":53,"column":null}},"31":{"start":{"line":57,"column":15},"end":{"line":57,"column":43}},"32":{"start":{"line":58,"column":28},"end":{"line":58,"column":30}},"33":{"start":{"line":59,"column":28},"end":{"line":59,"column":30}},"34":{"start":{"line":60,"column":17},"end":{"line":60,"column":45}},"35":{"start":{"line":61,"column":17},"end":{"line":61,"column":34}},"36":{"start":{"line":64,"column":22},"end":{"line":64,"column":47}},"37":{"start":{"line":65,"column":1},"end":{"line":65,"column":null}},"38":{"start":{"line":68,"column":1},"end":{"line":68,"column":null}},"39":{"start":{"line":71,"column":1},"end":{"line":71,"column":null}},"40":{"start":{"line":72,"column":1},"end":{"line":72,"column":null}},"41":{"start":{"line":75,"column":1},"end":{"line":75,"column":null}},"42":{"start":{"line":78,"column":19},"end":{"line":78,"column":75}},"43":{"start":{"line":79,"column":1},"end":{"line":79,"column":null}},"44":{"start":{"line":80,"column":1},"end":{"line":80,"column":null}},"45":{"start":{"line":80,"column":35},"end":{"line":80,"column":null}},"46":{"start":{"line":81,"column":1},"end":{"line":81,"column":null}},"47":{"start":{"line":83,"column":1},"end":{"line":83,"column":null}},"48":{"start":{"line":95,"column":1},"end":{"line":117,"column":null}},"49":{"start":{"line":96,"column":16},"end":{"line":96,"column":52}},"50":{"start":{"line":97,"column":22},"end":{"line":97,"column":null}},"51":{"start":{"line":99,"column":26},"end":{"line":113,"column":null}},"52":{"start":{"line":114,"column":2},"end":{"line":114,"column":null}},"53":{"start":{"line":115,"column":2},"end":{"line":115,"column":null}},"54":{"start":{"line":116,"column":2},"end":{"line":116,"column":null}},"55":{"start":{"line":117,"column":2},"end":{"line":117,"column":null}},"56":{"start":{"line":123,"column":20},"end":{"line":123,"column":46}},"57":{"start":{"line":124,"column":1},"end":{"line":141,"column":null}},"58":{"start":{"line":125,"column":2},"end":{"line":125,"column":null}},"59":{"start":{"line":126,"column":15},"end":{"line":126,"column":47}},"60":{"start":{"line":127,"column":2},"end":{"line":127,"column":null}},"61":{"start":{"line":128,"column":2},"end":{"line":128,"column":null}},"62":{"start":{"line":129,"column":12},"end":{"line":141,"column":null}},"63":{"start":{"line":131,"column":3},"end":{"line":141,"column":null}},"64":{"start":{"line":133,"column":4},"end":{"line":133,"column":null}},"65":{"start":{"line":134,"column":17},"end":{"line":134,"column":43}},"66":{"start":{"line":135,"column":4},"end":{"line":135,"column":null}},"67":{"start":{"line":136,"column":4},"end":{"line":136,"column":null}},"68":{"start":{"line":139,"column":4},"end":{"line":139,"column":null}},"69":{"start":{"line":140,"column":4},"end":{"line":140,"column":null}},"70":{"start":{"line":153,"column":19},"end":{"line":153,"column":44}},"71":{"start":{"line":154,"column":1},"end":{"line":156,"column":null}},"72":{"start":{"line":155,"column":2},"end":{"line":155,"column":null}},"73":{"start":{"line":155,"column":18},"end":{"line":155,"column":null}},"74":{"start":{"line":156,"column":2},"end":{"line":156,"column":null}},"75":{"start":{"line":156,"column":31},"end":{"line":156,"column":null}},"76":{"start":{"line":159,"column":19},"end":{"line":159,"column":49}},"77":{"start":{"line":160,"column":32},"end":{"line":160,"column":34}},"78":{"start":{"line":161,"column":1},"end":{"line":180,"column":null}},"79":{"start":{"line":162,"column":2},"end":{"line":164,"column":null}},"80":{"start":{"line":163,"column":3},"end":{"line":163,"column":null}},"81":{"start":{"line":164,"column":3},"end":{"line":164,"column":null}},"82":{"start":{"line":166,"column":16},"end":{"line":166,"column":null}},"83":{"start":{"line":167,"column":18},"end":{"line":167,"column":null}},"84":{"start":{"line":168,"column":2},"end":{"line":172,"column":null}},"85":{"start":{"line":168,"column":15},"end":{"line":168,"column":18}},"86":{"start":{"line":169,"column":17},"end":{"line":169,"column":null}},"87":{"start":{"line":170,"column":3},"end":{"line":172,"column":null}},"88":{"start":{"line":171,"column":4},"end":{"line":171,"column":null}},"89":{"start":{"line":172,"column":4},"end":{"line":172,"column":null}},"90":{"start":{"line":175,"column":14},"end":{"line":175,"column":36}},"91":{"start":{"line":176,"column":2},"end":{"line":178,"column":null}},"92":{"start":{"line":177,"column":3},"end":{"line":177,"column":null}},"93":{"start":{"line":178,"column":3},"end":{"line":178,"column":null}},"94":{"start":{"line":180,"column":2},"end":{"line":180,"column":null}},"95":{"start":{"line":183,"column":22},"end":{"line":183,"column":46}},"96":{"start":{"line":184,"column":21},"end":{"line":184,"column":null}},"97":{"start":{"line":185,"column":21},"end":{"line":185,"column":null}},"98":{"start":{"line":186,"column":13},"end":{"line":186,"column":null}},"99":{"start":{"line":188,"column":20},"end":{"line":188,"column":94}},"100":{"start":{"line":188,"column":54},"end":{"line":188,"column":93}},"101":{"start":{"line":189,"column":25},"end":{"line":189,"column":null}},"102":{"start":{"line":191,"column":18},"end":{"line":191,"column":85}},"103":{"start":{"line":192,"column":28},"end":{"line":192,"column":77}},"104":{"start":{"line":192,"column":56},"end":{"line":192,"column":75}},"105":{"start":{"line":193,"column":22},"end":{"line":193,"column":94}},"106":{"start":{"line":195,"column":13},"end":{"line":195,"column":null}},"107":{"start":{"line":196,"column":10},"end":{"line":196,"column":null}},"108":{"start":{"line":197,"column":1},"end":{"line":200,"column":null}},"109":{"start":{"line":198,"column":12},"end":{"line":198,"column":null}},"110":{"start":{"line":199,"column":2},"end":{"line":199,"column":null}},"111":{"start":{"line":200,"column":2},"end":{"line":200,"column":null}},"112":{"start":{"line":203,"column":1},"end":{"line":204,"column":null}},"113":{"start":{"line":204,"column":2},"end":{"line":204,"column":null}},"114":{"start":{"line":216,"column":16},"end":{"line":216,"column":null}},"115":{"start":{"line":217,"column":17},"end":{"line":217,"column":null}},"116":{"start":{"line":218,"column":1},"end":{"line":218,"column":null}},"117":{"start":{"line":220,"column":12},"end":{"line":220,"column":null}},"118":{"start":{"line":221,"column":12},"end":{"line":221,"column":null}},"119":{"start":{"line":222,"column":1},"end":{"line":226,"column":null}},"120":{"start":{"line":223,"column":12},"end":{"line":223,"column":null}},"121":{"start":{"line":224,"column":12},"end":{"line":224,"column":null}},"122":{"start":{"line":225,"column":2},"end":{"line":225,"column":null}},"123":{"start":{"line":226,"column":2},"end":{"line":226,"column":null}},"124":{"start":{"line":229,"column":1},"end":{"line":229,"column":null}},"125":{"start":{"line":242,"column":1},"end":{"line":262,"column":null}},"126":{"start":{"line":243,"column":16},"end":{"line":243,"column":52}},"127":{"start":{"line":244,"column":22},"end":{"line":244,"column":67}},"128":{"start":{"line":245,"column":26},"end":{"line":245,"column":73}},"129":{"start":{"line":247,"column":2},"end":{"line":258,"column":null}},"130":{"start":{"line":248,"column":3},"end":{"line":258,"column":null}},"131":{"start":{"line":261,"column":2},"end":{"line":261,"column":null}},"132":{"start":{"line":262,"column":2},"end":{"line":262,"column":null}},"133":{"start":{"line":272,"column":21},"end":{"line":272,"column":46}},"134":{"start":{"line":273,"column":1},"end":{"line":276,"column":null}},"135":{"start":{"line":274,"column":2},"end":{"line":276,"column":null}},"136":{"start":{"line":275,"column":22},"end":{"line":275,"column":81}},"137":{"start":{"line":276,"column":3},"end":{"line":276,"column":null}},"138":{"start":{"line":276,"column":19},"end":{"line":276,"column":null}},"139":{"start":{"line":279,"column":1},"end":{"line":279,"column":null}},"140":{"start":{"line":288,"column":17},"end":{"line":288,"column":44}},"141":{"start":{"line":290,"column":2},"end":{"line":295,"column":null}},"142":{"start":{"line":293,"column":17},"end":{"line":293,"column":43}},"143":{"start":{"line":294,"column":5},"end":{"line":294,"column":null}},"144":{"start":{"line":296,"column":1},"end":{"line":296,"column":null}},"145":{"start":{"line":296,"column":25},"end":{"line":296,"column":null}},"146":{"start":{"line":297,"column":13},"end":{"line":297,"column":52}},"147":{"start":{"line":298,"column":1},"end":{"line":300,"column":null}},"148":{"start":{"line":299,"column":2},"end":{"line":299,"column":null}},"149":{"start":{"line":299,"column":23},"end":{"line":299,"column":null}},"150":{"start":{"line":301,"column":1},"end":{"line":301,"column":null}},"151":{"start":{"line":310,"column":1},"end":{"line":310,"column":null}},"152":{"start":{"line":310,"column":16},"end":{"line":310,"column":null}},"153":{"start":{"line":311,"column":20},"end":{"line":311,"column":92}},"154":{"start":{"line":312,"column":1},"end":{"line":312,"column":null}},"155":{"start":{"line":312,"column":17},"end":{"line":312,"column":null}},"156":{"start":{"line":313,"column":1},"end":{"line":313,"column":null}},"157":{"start":{"line":328,"column":1},"end":{"line":347,"column":null}},"158":{"start":{"line":329,"column":21},"end":{"line":329,"column":81}},"159":{"start":{"line":330,"column":2},"end":{"line":330,"column":null}},"160":{"start":{"line":330,"column":52},"end":{"line":330,"column":null}},"161":{"start":{"line":332,"column":17},"end":{"line":332,"column":null}},"162":{"start":{"line":333,"column":2},"end":{"line":333,"column":null}},"163":{"start":{"line":333,"column":27},"end":{"line":333,"column":null}},"164":{"start":{"line":334,"column":2},"end":{"line":334,"column":null}},"165":{"start":{"line":336,"column":23},"end":{"line":336,"column":59}},"166":{"start":{"line":337,"column":16},"end":{"line":337,"column":48}},"167":{"start":{"line":338,"column":19},"end":{"line":338,"column":null}},"168":{"start":{"line":339,"column":27},"end":{"line":339,"column":null}},"169":{"start":{"line":341,"column":32},"end":{"line":341,"column":98}},"170":{"start":{"line":343,"column":30},"end":{"line":343,"column":null}},"171":{"start":{"line":344,"column":20},"end":{"line":344,"column":null}},"172":{"start":{"line":345,"column":14},"end":{"line":345,"column":null}},"173":{"start":{"line":346,"column":14},"end":{"line":346,"column":null}},"174":{"start":{"line":347,"column":2},"end":{"line":347,"column":null}},"175":{"start":{"line":360,"column":1},"end":{"line":371,"column":null}},"176":{"start":{"line":361,"column":2},"end":{"line":361,"column":null}},"177":{"start":{"line":361,"column":32},"end":{"line":361,"column":null}},"178":{"start":{"line":362,"column":17},"end":{"line":362,"column":null}},"179":{"start":{"line":363,"column":2},"end":{"line":363,"column":null}},"180":{"start":{"line":363,"column":27},"end":{"line":363,"column":null}},"181":{"start":{"line":364,"column":2},"end":{"line":364,"column":null}},"182":{"start":{"line":366,"column":21},"end":{"line":366,"column":66}},"183":{"start":{"line":367,"column":18},"end":{"line":367,"column":null}},"184":{"start":{"line":368,"column":14},"end":{"line":368,"column":null}},"185":{"start":{"line":369,"column":14},"end":{"line":369,"column":null}},"186":{"start":{"line":371,"column":2},"end":{"line":371,"column":null}},"187":{"start":{"line":384,"column":1},"end":{"line":395,"column":null}},"188":{"start":{"line":385,"column":2},"end":{"line":385,"column":null}},"189":{"start":{"line":385,"column":32},"end":{"line":385,"column":null}},"190":{"start":{"line":386,"column":17},"end":{"line":386,"column":null}},"191":{"start":{"line":387,"column":2},"end":{"line":387,"column":null}},"192":{"start":{"line":387,"column":27},"end":{"line":387,"column":null}},"193":{"start":{"line":388,"column":2},"end":{"line":388,"column":null}},"194":{"start":{"line":390,"column":32},"end":{"line":390,"column":106}},"195":{"start":{"line":392,"column":20},"end":{"line":392,"column":null}},"196":{"start":{"line":393,"column":14},"end":{"line":393,"column":null}},"197":{"start":{"line":394,"column":14},"end":{"line":394,"column":null}},"198":{"start":{"line":395,"column":2},"end":{"line":395,"column":null}},"199":{"start":{"line":410,"column":25},"end":{"line":410,"column":null}},"200":{"start":{"line":411,"column":23},"end":{"line":411,"column":null}},"201":{"start":{"line":413,"column":1},"end":{"line":452,"column":null}},"202":{"start":{"line":414,"column":2},"end":{"line":414,"column":null}},"203":{"start":{"line":414,"column":42},"end":{"line":414,"column":null}},"204":{"start":{"line":416,"column":23},"end":{"line":416,"column":50}},"205":{"start":{"line":417,"column":2},"end":{"line":427,"column":null}},"206":{"start":{"line":418,"column":24},"end":{"line":418,"column":64}},"207":{"start":{"line":419,"column":3},"end":{"line":419,"column":null}},"208":{"start":{"line":419,"column":41},"end":{"line":419,"column":null}},"209":{"start":{"line":420,"column":17},"end":{"line":420,"column":61}},"210":{"start":{"line":421,"column":23},"end":{"line":421,"column":null}},"211":{"start":{"line":422,"column":3},"end":{"line":422,"column":null}},"212":{"start":{"line":422,"column":30},"end":{"line":422,"column":null}},"213":{"start":{"line":424,"column":18},"end":{"line":424,"column":95}},"214":{"start":{"line":425,"column":3},"end":{"line":427,"column":null}},"215":{"start":{"line":426,"column":16},"end":{"line":426,"column":null}},"216":{"start":{"line":427,"column":4},"end":{"line":427,"column":null}},"217":{"start":{"line":431,"column":17},"end":{"line":433,"column":39}},"218":{"start":{"line":432,"column":20},"end":{"line":432,"column":56}},"219":{"start":{"line":433,"column":19},"end":{"line":433,"column":39}},"220":{"start":{"line":435,"column":2},"end":{"line":452,"column":null}},"221":{"start":{"line":436,"column":3},"end":{"line":436,"column":null}},"222":{"start":{"line":436,"column":43},"end":{"line":436,"column":null}},"223":{"start":{"line":437,"column":3},"end":{"line":452,"column":null}},"224":{"start":{"line":437,"column":16},"end":{"line":437,"column":19}},"225":{"start":{"line":438,"column":4},"end":{"line":438,"column":null}},"226":{"start":{"line":438,"column":44},"end":{"line":438,"column":null}},"227":{"start":{"line":439,"column":4},"end":{"line":452,"column":null}},"228":{"start":{"line":439,"column":17},"end":{"line":439,"column":24}},"229":{"start":{"line":440,"column":5},"end":{"line":440,"column":null}},"230":{"start":{"line":440,"column":45},"end":{"line":440,"column":null}},"231":{"start":{"line":441,"column":20},"end":{"line":441,"column":null}},"232":{"start":{"line":442,"column":5},"end":{"line":442,"column":null}},"233":{"start":{"line":442,"column":30},"end":{"line":442,"column":null}},"234":{"start":{"line":443,"column":5},"end":{"line":443,"column":null}},"235":{"start":{"line":445,"column":5},"end":{"line":451,"column":null}},"236":{"start":{"line":452,"column":5},"end":{"line":452,"column":null}},"237":{"start":{"line":464,"column":17},"end":{"line":464,"column":34}},"238":{"start":{"line":465,"column":1},"end":{"line":471,"column":null}},"239":{"start":{"line":466,"column":2},"end":{"line":466,"column":null}},"240":{"start":{"line":466,"column":18},"end":{"line":466,"column":null}},"241":{"start":{"line":467,"column":2},"end":{"line":471,"column":null}},"242":{"start":{"line":468,"column":3},"end":{"line":468,"column":null}},"243":{"start":{"line":469,"column":17},"end":{"line":469,"column":31}},"244":{"start":{"line":470,"column":3},"end":{"line":471,"column":null}},"245":{"start":{"line":470,"column":16},"end":{"line":470,"column":19}},"246":{"start":{"line":471,"column":4},"end":{"line":471,"column":null}},"247":{"start":{"line":475,"column":1},"end":{"line":475,"column":null}},"248":{"start":{"line":480,"column":1},"end":{"line":489,"column":null}},"249":{"start":{"line":508,"column":28},"end":{"line":508,"column":30}},"250":{"start":{"line":509,"column":28},"end":{"line":509,"column":30}},"251":{"start":{"line":511,"column":17},"end":{"line":511,"column":42}},"252":{"start":{"line":514,"column":1},"end":{"line":519,"column":null}},"253":{"start":{"line":515,"column":16},"end":{"line":515,"column":null}},"254":{"start":{"line":516,"column":2},"end":{"line":516,"column":null}},"255":{"start":{"line":516,"column":26},"end":{"line":516,"column":null}},"256":{"start":{"line":517,"column":18},"end":{"line":517,"column":43}},"257":{"start":{"line":518,"column":2},"end":{"line":518,"column":null}},"258":{"start":{"line":519,"column":2},"end":{"line":519,"column":null}},"259":{"start":{"line":523,"column":1},"end":{"line":540,"column":null}},"260":{"start":{"line":524,"column":2},"end":{"line":540,"column":null}},"261":{"start":{"line":525,"column":20},"end":{"line":525,"column":40}},"262":{"start":{"line":526,"column":3},"end":{"line":526,"column":null}},"263":{"start":{"line":526,"column":24},"end":{"line":526,"column":null}},"264":{"start":{"line":527,"column":21},"end":{"line":527,"column":47}},"265":{"start":{"line":528,"column":3},"end":{"line":528,"column":null}},"266":{"start":{"line":528,"column":32},"end":{"line":528,"column":null}},"267":{"start":{"line":530,"column":18},"end":{"line":530,"column":null}},"268":{"start":{"line":531,"column":3},"end":{"line":531,"column":null}},"269":{"start":{"line":531,"column":28},"end":{"line":531,"column":null}},"270":{"start":{"line":532,"column":3},"end":{"line":532,"column":null}},"271":{"start":{"line":534,"column":3},"end":{"line":540,"column":null}},"272":{"start":{"line":545,"column":1},"end":{"line":569,"column":null}},"273":{"start":{"line":546,"column":2},"end":{"line":569,"column":null}},"274":{"start":{"line":547,"column":18},"end":{"line":547,"column":null}},"275":{"start":{"line":548,"column":18},"end":{"line":548,"column":null}},"276":{"start":{"line":549,"column":3},"end":{"line":555,"column":null}},"277":{"start":{"line":550,"column":18},"end":{"line":550,"column":null}},"278":{"start":{"line":551,"column":4},"end":{"line":555,"column":null}},"279":{"start":{"line":552,"column":5},"end":{"line":552,"column":null}},"280":{"start":{"line":553,"column":21},"end":{"line":553,"column":46}},"281":{"start":{"line":554,"column":5},"end":{"line":554,"column":null}},"282":{"start":{"line":555,"column":5},"end":{"line":555,"column":null}},"283":{"start":{"line":558,"column":18},"end":{"line":558,"column":null}},"284":{"start":{"line":559,"column":3},"end":{"line":559,"column":null}},"285":{"start":{"line":559,"column":28},"end":{"line":559,"column":null}},"286":{"start":{"line":560,"column":3},"end":{"line":560,"column":null}},"287":{"start":{"line":562,"column":4},"end":{"line":562,"column":null}},"288":{"start":{"line":563,"column":3},"end":{"line":569,"column":null}},"289":{"start":{"line":574,"column":1},"end":{"line":587,"column":null}},"290":{"start":{"line":575,"column":2},"end":{"line":575,"column":null}},"291":{"start":{"line":575,"column":18},"end":{"line":575,"column":null}},"292":{"start":{"line":576,"column":2},"end":{"line":587,"column":null}},"293":{"start":{"line":577,"column":17},"end":{"line":577,"column":null}},"294":{"start":{"line":578,"column":18},"end":{"line":578,"column":null}},"295":{"start":{"line":579,"column":3},"end":{"line":579,"column":null}},"296":{"start":{"line":579,"column":28},"end":{"line":579,"column":null}},"297":{"start":{"line":580,"column":3},"end":{"line":580,"column":null}},"298":{"start":{"line":582,"column":3},"end":{"line":587,"column":null}},"299":{"start":{"line":591,"column":1},"end":{"line":591,"column":null}},"300":{"start":{"line":595,"column":15},"end":{"line":595,"column":43}},"301":{"start":{"line":596,"column":16},"end":{"line":596,"column":49}},"302":{"start":{"line":598,"column":1},"end":{"line":607,"column":null}},"303":{"start":{"line":599,"column":16},"end":{"line":599,"column":52}},"304":{"start":{"line":600,"column":22},"end":{"line":600,"column":null}},"305":{"start":{"line":601,"column":17},"end":{"line":601,"column":null}},"306":{"start":{"line":603,"column":2},"end":{"line":607,"column":null}},"307":{"start":{"line":610,"column":34},"end":{"line":610,"column":36}},"308":{"start":{"line":611,"column":1},"end":{"line":612,"column":null}},"309":{"start":{"line":612,"column":2},"end":{"line":612,"column":null}},"310":{"start":{"line":615,"column":1},"end":{"line":615,"column":null}},"311":{"start":{"line":625,"column":18},"end":{"line":625,"column":43}},"312":{"start":{"line":626,"column":20},"end":{"line":626,"column":37}},"313":{"start":{"line":627,"column":14},"end":{"line":627,"column":31}},"314":{"start":{"line":629,"column":1},"end":{"line":632,"column":null}},"315":{"start":{"line":630,"column":2},"end":{"line":630,"column":null}},"316":{"start":{"line":630,"column":21},"end":{"line":630,"column":null}},"317":{"start":{"line":631,"column":2},"end":{"line":632,"column":null}},"318":{"start":{"line":632,"column":3},"end":{"line":632,"column":null}},"319":{"start":{"line":632,"column":30},"end":{"line":632,"column":null}},"320":{"start":{"line":636,"column":9},"end":{"line":636,"column":null}},"321":{"start":{"line":638,"column":1},"end":{"line":640,"column":null}},"322":{"start":{"line":639,"column":2},"end":{"line":639,"column":null}},"323":{"start":{"line":640,"column":2},"end":{"line":640,"column":null}},"324":{"start":{"line":643,"column":1},"end":{"line":647,"column":null}},"325":{"start":{"line":644,"column":14},"end":{"line":644,"column":null}},"326":{"start":{"line":645,"column":2},"end":{"line":647,"column":null}},"327":{"start":{"line":646,"column":3},"end":{"line":646,"column":null}},"328":{"start":{"line":647,"column":3},"end":{"line":647,"column":null}},"329":{"start":{"line":651,"column":1},"end":{"line":651,"column":null}},"330":{"start":{"line":659,"column":9},"end":{"line":659,"column":null}},"331":{"start":{"line":660,"column":1},"end":{"line":661,"column":null}},"332":{"start":{"line":660,"column":14},"end":{"line":660,"column":17}},"333":{"start":{"line":661,"column":2},"end":{"line":661,"column":null}},"334":{"start":{"line":663,"column":1},"end":{"line":663,"column":null}},"335":{"start":{"line":681,"column":1},"end":{"line":681,"column":null}},"336":{"start":{"line":681,"column":47},"end":{"line":681,"column":null}},"337":{"start":{"line":682,"column":22},"end":{"line":682,"column":39}},"338":{"start":{"line":683,"column":1},"end":{"line":685,"column":null}},"339":{"start":{"line":684,"column":2},"end":{"line":684,"column":null}},"340":{"start":{"line":685,"column":2},"end":{"line":685,"column":null}},"341":{"start":{"line":685,"column":29},"end":{"line":685,"column":null}},"342":{"start":{"line":688,"column":1},"end":{"line":688,"column":null}},"343":{"start":{"line":688,"column":18},"end":{"line":688,"column":null}},"344":{"start":{"line":701,"column":16},"end":{"line":701,"column":52}},"345":{"start":{"line":702,"column":17},"end":{"line":702,"column":null}},"346":{"start":{"line":703,"column":16},"end":{"line":703,"column":null}},"347":{"start":{"line":706,"column":1},"end":{"line":715,"column":null}},"348":{"start":{"line":707,"column":18},"end":{"line":707,"column":29}},"349":{"start":{"line":708,"column":21},"end":{"line":708,"column":44}},"350":{"start":{"line":709,"column":19},"end":{"line":709,"column":null}},"351":{"start":{"line":710,"column":16},"end":{"line":710,"column":null}},"352":{"start":{"line":712,"column":2},"end":{"line":715,"column":null}},"353":{"start":{"line":713,"column":22},"end":{"line":713,"column":79}},"354":{"start":{"line":714,"column":3},"end":{"line":715,"column":null}},"355":{"start":{"line":715,"column":4},"end":{"line":715,"column":null}},"356":{"start":{"line":719,"column":1},"end":{"line":719,"column":null}},"357":{"start":{"line":728,"column":66},"end":{"line":728,"column":68}},"358":{"start":{"line":729,"column":12},"end":{"line":729,"column":null}},"359":{"start":{"line":731,"column":1},"end":{"line":732,"column":null}},"360":{"start":{"line":732,"column":2},"end":{"line":732,"column":null}},"361":{"start":{"line":734,"column":1},"end":{"line":734,"column":null}},"362":{"start":{"line":739,"column":16},"end":{"line":739,"column":52}},"363":{"start":{"line":740,"column":1},"end":{"line":743,"column":null}},"364":{"start":{"line":741,"column":21},"end":{"line":741,"column":83}},"365":{"start":{"line":742,"column":2},"end":{"line":743,"column":null}},"366":{"start":{"line":743,"column":3},"end":{"line":743,"column":null}},"367":{"start":{"line":746,"column":1},"end":{"line":746,"column":null}},"368":{"start":{"line":754,"column":19},"end":{"line":754,"column":36}},"369":{"start":{"line":755,"column":1},"end":{"line":756,"column":null}},"370":{"start":{"line":756,"column":2},"end":{"line":756,"column":null}},"371":{"start":{"line":756,"column":18},"end":{"line":756,"column":null}},"372":{"start":{"line":758,"column":18},"end":{"line":758,"column":43}},"373":{"start":{"line":759,"column":9},"end":{"line":759,"column":null}},"374":{"start":{"line":760,"column":1},"end":{"line":762,"column":null}},"375":{"start":{"line":761,"column":2},"end":{"line":761,"column":null}},"376":{"start":{"line":762,"column":2},"end":{"line":762,"column":null}},"377":{"start":{"line":764,"column":1},"end":{"line":764,"column":null}},"378":{"start":{"line":772,"column":1},"end":{"line":772,"column":null}},"379":{"start":{"line":772,"column":19},"end":{"line":772,"column":null}},"380":{"start":{"line":773,"column":1},"end":{"line":786,"column":null}},"381":{"start":{"line":775,"column":17},"end":{"line":775,"column":42}},"382":{"start":{"line":776,"column":3},"end":{"line":781,"column":null}},"383":{"start":{"line":782,"column":3},"end":{"line":782,"column":null}},"384":{"start":{"line":794,"column":1},"end":{"line":794,"column":null}},"385":{"start":{"line":794,"column":19},"end":{"line":794,"column":null}},"386":{"start":{"line":795,"column":17},"end":{"line":795,"column":78}},"387":{"start":{"line":795,"column":61},"end":{"line":795,"column":78}},"388":{"start":{"line":796,"column":1},"end":{"line":796,"column":null}},"389":{"start":{"line":803,"column":24},"end":{"line":803,"column":26}},"390":{"start":{"line":805,"column":1},"end":{"line":810,"column":null}},"391":{"start":{"line":806,"column":13},"end":{"line":806,"column":null}},"392":{"start":{"line":807,"column":2},"end":{"line":810,"column":null}},"393":{"start":{"line":808,"column":3},"end":{"line":808,"column":null}},"394":{"start":{"line":809,"column":13},"end":{"line":810,"column":null}},"395":{"start":{"line":810,"column":3},"end":{"line":810,"column":null}},"396":{"start":{"line":810,"column":41},"end":{"line":810,"column":49}},"397":{"start":{"line":814,"column":1},"end":{"line":817,"column":null}},"398":{"start":{"line":815,"column":2},"end":{"line":817,"column":null}},"399":{"start":{"line":816,"column":15},"end":{"line":816,"column":38}},"400":{"start":{"line":817,"column":3},"end":{"line":817,"column":null}},"401":{"start":{"line":817,"column":28},"end":{"line":817,"column":null}},"402":{"start":{"line":821,"column":1},"end":{"line":821,"column":null}},"403":{"start":{"line":829,"column":12},"end":{"line":829,"column":null}},"404":{"start":{"line":831,"column":1},"end":{"line":834,"column":null}},"405":{"start":{"line":832,"column":17},"end":{"line":832,"column":39}},"406":{"start":{"line":833,"column":2},"end":{"line":834,"column":null}},"407":{"start":{"line":834,"column":3},"end":{"line":834,"column":null}},"408":{"start":{"line":838,"column":1},"end":{"line":838,"column":null}},"409":{"start":{"line":840,"column":1},"end":{"line":840,"column":null}},"410":{"start":{"line":841,"column":17},"end":{"line":841,"column":null}},"411":{"start":{"line":842,"column":1},"end":{"line":842,"column":null}}},"fnMap":{"0":{"name":"classifyRelation","decl":{"start":{"line":33,"column":16},"end":{"line":33,"column":33}},"loc":{"start":{"line":33,"column":97},"end":{"line":53,"column":null}},"line":33},"1":{"name":"(anonymous_1)","decl":{"start":{"line":37,"column":28},"end":{"line":37,"column":34}},"loc":{"start":{"line":37,"column":40},"end":{"line":37,"column":66}},"line":37},"2":{"name":"(anonymous_2)","decl":{"start":{"line":39,"column":28},"end":{"line":39,"column":34}},"loc":{"start":{"line":39,"column":40},"end":{"line":39,"column":66}},"line":39},"3":{"name":"(anonymous_3)","decl":{"start":{"line":41,"column":36},"end":{"line":41,"column":42}},"loc":{"start":{"line":41,"column":48},"end":{"line":41,"column":74}},"line":41},"4":{"name":"(anonymous_4)","decl":{"start":{"line":43,"column":36},"end":{"line":43,"column":42}},"loc":{"start":{"line":43,"column":48},"end":{"line":43,"column":74}},"line":43},"5":{"name":"(anonymous_5)","decl":{"start":{"line":45,"column":24},"end":{"line":45,"column":30}},"loc":{"start":{"line":45,"column":36},"end":{"line":45,"column":62}},"line":45},"6":{"name":"(anonymous_6)","decl":{"start":{"line":46,"column":25},"end":{"line":46,"column":31}},"loc":{"start":{"line":46,"column":37},"end":{"line":46,"column":63}},"line":46},"7":{"name":"(anonymous_7)","decl":{"start":{"line":47,"column":26},"end":{"line":47,"column":32}},"loc":{"start":{"line":47,"column":38},"end":{"line":47,"column":64}},"line":47},"8":{"name":"(anonymous_8)","decl":{"start":{"line":49,"column":33},"end":{"line":49,"column":39}},"loc":{"start":{"line":49,"column":45},"end":{"line":49,"column":71}},"line":49},"9":{"name":"buildGraphFromVault","decl":{"start":{"line":56,"column":16},"end":{"line":56,"column":36}},"loc":{"start":{"line":56,"column":87},"end":{"line":83,"column":null}},"line":56},"10":{"name":"createFileNodes","decl":{"start":{"line":87,"column":9},"end":{"line":87,"column":null}},"loc":{"start":{"line":94,"column":8},"end":{"line":117,"column":null}},"line":94},"11":{"name":"attachBodyPreview","decl":{"start":{"line":122,"column":9},"end":{"line":122,"column":27}},"loc":{"start":{"line":122,"column":108},"end":{"line":141,"column":null}},"line":122},"12":{"name":"(anonymous_12)","decl":{"start":{"line":132,"column":4},"end":{"line":132,"column":10}},"loc":{"start":{"line":132,"column":19},"end":{"line":137,"column":null}},"line":132},"13":{"name":"(anonymous_13)","decl":{"start":{"line":138,"column":4},"end":{"line":138,"column":16}},"loc":{"start":{"line":138,"column":16},"end":{"line":141,"column":null}},"line":138},"14":{"name":"placeNodesByTagGroups","decl":{"start":{"line":152,"column":9},"end":{"line":152,"column":31}},"loc":{"start":{"line":152,"column":57},"end":{"line":204,"column":null}},"line":152},"15":{"name":"(anonymous_15)","decl":{"start":{"line":188,"column":33},"end":{"line":188,"column":38}},"loc":{"start":{"line":188,"column":54},"end":{"line":188,"column":93}},"line":188},"16":{"name":"(anonymous_16)","decl":{"start":{"line":192,"column":37},"end":{"line":192,"column":45}},"loc":{"start":{"line":192,"column":56},"end":{"line":192,"column":75}},"line":192},"17":{"name":"scatterGroupOnCircle","decl":{"start":{"line":209,"column":9},"end":{"line":209,"column":null}},"loc":{"start":{"line":215,"column":10},"end":{"line":229,"column":null}},"line":215},"18":{"name":"buildEdgesFromLinks","decl":{"start":{"line":233,"column":9},"end":{"line":233,"column":null}},"loc":{"start":{"line":241,"column":8},"end":{"line":262,"column":null}},"line":241},"19":{"name":"collectFrontmatterRelations","decl":{"start":{"line":267,"column":9},"end":{"line":267,"column":null}},"loc":{"start":{"line":271,"column":23},"end":{"line":279,"column":null}},"line":271},"20":{"name":"collectInlineRelations","decl":{"start":{"line":283,"column":9},"end":{"line":283,"column":null}},"loc":{"start":{"line":287,"column":34},"end":{"line":301,"column":null}},"line":287},"21":{"name":"(anonymous_21)","decl":{"start":{"line":291,"column":5},"end":{"line":291,"column":null}},"loc":{"start":{"line":292,"column":12},"end":{"line":295,"column":null}},"line":292},"22":{"name":"(anonymous_22)","decl":{"start":{"line":298,"column":48},"end":{"line":298,"column":57}},"loc":{"start":{"line":298,"column":75},"end":{"line":300,"column":null}},"line":298},"23":{"name":"resolveRelationEdge","decl":{"start":{"line":305,"column":9},"end":{"line":305,"column":null}},"loc":{"start":{"line":309,"column":53},"end":{"line":313,"column":null}},"line":309},"24":{"name":"addRegularLinkEdges","decl":{"start":{"line":317,"column":9},"end":{"line":317,"column":null}},"loc":{"start":{"line":327,"column":8},"end":{"line":347,"column":null}},"line":327},"25":{"name":"addRemainingFrontmatterEdges","decl":{"start":{"line":352,"column":9},"end":{"line":352,"column":null}},"loc":{"start":{"line":359,"column":8},"end":{"line":371,"column":null}},"line":359},"26":{"name":"addInlineRelationEdges","decl":{"start":{"line":376,"column":9},"end":{"line":376,"column":null}},"loc":{"start":{"line":383,"column":8},"end":{"line":395,"column":null}},"line":383},"27":{"name":"buildSharedMetadataEdges","decl":{"start":{"line":403,"column":9},"end":{"line":403,"column":null}},"loc":{"start":{"line":409,"column":8},"end":{"line":452,"column":null}},"line":409},"28":{"name":"(anonymous_28)","decl":{"start":{"line":432,"column":4},"end":{"line":432,"column":12}},"loc":{"start":{"line":432,"column":20},"end":{"line":432,"column":56}},"line":432},"29":{"name":"(anonymous_29)","decl":{"start":{"line":433,"column":4},"end":{"line":433,"column":10}},"loc":{"start":{"line":433,"column":19},"end":{"line":433,"column":39}},"line":433},"30":{"name":"collectAllTags","decl":{"start":{"line":463,"column":16},"end":{"line":463,"column":31}},"loc":{"start":{"line":463,"column":77},"end":{"line":475,"column":null}},"line":463},"31":{"name":"createVirtualTagNode","decl":{"start":{"line":479,"column":9},"end":{"line":479,"column":30}},"loc":{"start":{"line":479,"column":54},"end":{"line":489,"column":null}},"line":479},"32":{"name":"buildTagNodesAndEdges","decl":{"start":{"line":502,"column":9},"end":{"line":502,"column":null}},"loc":{"start":{"line":507,"column":46},"end":{"line":591,"column":null}},"line":507},"33":{"name":"buildSunburstData","decl":{"start":{"line":594,"column":16},"end":{"line":594,"column":34}},"loc":{"start":{"line":594,"column":78},"end":{"line":615,"column":null}},"line":594},"34":{"name":"assignNodeColors","decl":{"start":{"line":624,"column":16},"end":{"line":624,"column":33}},"loc":{"start":{"line":624,"column":95},"end":{"line":651,"column":null}},"line":624},"35":{"name":"simpleHash","decl":{"start":{"line":658,"column":16},"end":{"line":658,"column":27}},"loc":{"start":{"line":658,"column":46},"end":{"line":663,"column":null}},"line":658},"36":{"name":"applyMonochromeFallback","decl":{"start":{"line":676,"column":16},"end":{"line":676,"column":null}},"loc":{"start":{"line":680,"column":20},"end":{"line":688,"column":null}},"line":680},"37":{"name":"(anonymous_37)","decl":{"start":{"line":688,"column":1},"end":{"line":688,"column":9}},"loc":{"start":{"line":688,"column":18},"end":{"line":688,"column":null}},"line":688},"38":{"name":"parseInlineFields","decl":{"start":{"line":700,"column":9},"end":{"line":700,"column":27}},"loc":{"start":{"line":700,"column":106},"end":{"line":719,"column":null}},"line":700},"39":{"name":"parseInlineRelationLinksRaw","decl":{"start":{"line":727,"column":16},"end":{"line":727,"column":44}},"loc":{"start":{"line":727,"column":110},"end":{"line":734,"column":null}},"line":727},"40":{"name":"parseInlineRelationLinks","decl":{"start":{"line":738,"column":9},"end":{"line":738,"column":34}},"loc":{"start":{"line":738,"column":113},"end":{"line":746,"column":null}},"line":738},"41":{"name":"buildRelationColorMap","decl":{"start":{"line":753,"column":16},"end":{"line":753,"column":38}},"loc":{"start":{"line":753,"column":79},"end":{"line":764,"column":null}},"line":753},"42":{"name":"defineLazyMeta","decl":{"start":{"line":771,"column":16},"end":{"line":771,"column":31}},"loc":{"start":{"line":771,"column":104},"end":{"line":786,"column":null}},"line":771},"43":{"name":"(anonymous_43)","decl":{"start":{"line":774,"column":2},"end":{"line":774,"column":8}},"loc":{"start":{"line":774,"column":8},"end":{"line":782,"column":null}},"line":774},"44":{"name":"snapshotMeta","decl":{"start":{"line":793,"column":16},"end":{"line":793,"column":29}},"loc":{"start":{"line":793,"column":116},"end":{"line":796,"column":null}},"line":793},"45":{"name":"(anonymous_45)","decl":{"start":{"line":795,"column":45},"end":{"line":795,"column":53}},"loc":{"start":{"line":795,"column":61},"end":{"line":795,"column":78}},"line":795},"46":{"name":"extractTags","decl":{"start":{"line":799,"column":9},"end":{"line":799,"column":null}},"loc":{"start":{"line":802,"column":12},"end":{"line":821,"column":null}},"line":802},"47":{"name":"(anonymous_47)","decl":{"start":{"line":810,"column":30},"end":{"line":810,"column":35}},"loc":{"start":{"line":810,"column":41},"end":{"line":810,"column":49}},"line":810},"48":{"name":"extractBodyInfo","decl":{"start":{"line":828,"column":16},"end":{"line":828,"column":32}},"loc":{"start":{"line":828,"column":102},"end":{"line":842,"column":null}},"line":828}},"branchMap":{"0":{"loc":{"start":{"line":34,"column":15},"end":{"line":34,"column":72}},"type":"cond-expr","locations":[{"start":{"line":34,"column":38},"end":{"line":34,"column":58}},{"start":{"line":34,"column":61},"end":{"line":34,"column":72}}],"line":34},"1":{"loc":{"start":{"line":37,"column":1},"end":{"line":38,"column":null}},"type":"if","locations":[{"start":{"line":37,"column":1},"end":{"line":38,"column":null}},{"start":{},"end":{}}],"line":37},"2":{"loc":{"start":{"line":39,"column":1},"end":{"line":40,"column":null}},"type":"if","locations":[{"start":{"line":39,"column":1},"end":{"line":40,"column":null}},{"start":{},"end":{}}],"line":39},"3":{"loc":{"start":{"line":41,"column":1},"end":{"line":42,"column":null}},"type":"if","locations":[{"start":{"line":41,"column":1},"end":{"line":42,"column":null}},{"start":{},"end":{}}],"line":41},"4":{"loc":{"start":{"line":43,"column":1},"end":{"line":44,"column":null}},"type":"if","locations":[{"start":{"line":43,"column":1},"end":{"line":44,"column":null}},{"start":{},"end":{}}],"line":43},"5":{"loc":{"start":{"line":45,"column":1},"end":{"line":45,"column":null}},"type":"if","locations":[{"start":{"line":45,"column":1},"end":{"line":45,"column":null}},{"start":{},"end":{}}],"line":45},"6":{"loc":{"start":{"line":46,"column":1},"end":{"line":46,"column":null}},"type":"if","locations":[{"start":{"line":46,"column":1},"end":{"line":46,"column":null}},{"start":{},"end":{}}],"line":46},"7":{"loc":{"start":{"line":47,"column":1},"end":{"line":48,"column":null}},"type":"if","locations":[{"start":{"line":47,"column":1},"end":{"line":48,"column":null}},{"start":{},"end":{}}],"line":47},"8":{"loc":{"start":{"line":49,"column":1},"end":{"line":50,"column":null}},"type":"if","locations":[{"start":{"line":49,"column":1},"end":{"line":50,"column":null}},{"start":{},"end":{}}],"line":49},"9":{"loc":{"start":{"line":51,"column":1},"end":{"line":51,"column":null}},"type":"if","locations":[{"start":{"line":51,"column":1},"end":{"line":51,"column":null}},{"start":{},"end":{}}],"line":51},"10":{"loc":{"start":{"line":107,"column":5},"end":{"line":108,"column":null}},"type":"binary-expr","locations":[{"start":{"line":107,"column":5},"end":{"line":107,"column":null}},{"start":{"line":108,"column":5},"end":{"line":108,"column":null}}],"line":107},"11":{"loc":{"start":{"line":108,"column":5},"end":{"line":108,"column":null}},"type":"cond-expr","locations":[{"start":{"line":108,"column":31},"end":{"line":108,"column":57}},{"start":{"line":108,"column":57},"end":{"line":108,"column":null}}],"line":108},"12":{"loc":{"start":{"line":124,"column":1},"end":{"line":141,"column":null}},"type":"if","locations":[{"start":{"line":124,"column":1},"end":{"line":141,"column":null}},{"start":{"line":129,"column":12},"end":{"line":141,"column":null}}],"line":124},"13":{"loc":{"start":{"line":129,"column":12},"end":{"line":141,"column":null}},"type":"if","locations":[{"start":{"line":129,"column":12},"end":{"line":141,"column":null}},{"start":{},"end":{}}],"line":129},"14":{"loc":{"start":{"line":129,"column":12},"end":{"line":129,"column":97}},"type":"binary-expr","locations":[{"start":{"line":129,"column":12},"end":{"line":129,"column":26}},{"start":{"line":129,"column":26},"end":{"line":129,"column":97}}],"line":129},"15":{"loc":{"start":{"line":155,"column":2},"end":{"line":155,"column":null}},"type":"if","locations":[{"start":{"line":155,"column":2},"end":{"line":155,"column":null}},{"start":{},"end":{}}],"line":155},"16":{"loc":{"start":{"line":162,"column":2},"end":{"line":164,"column":null}},"type":"if","locations":[{"start":{"line":162,"column":2},"end":{"line":164,"column":null}},{"start":{},"end":{}}],"line":162},"17":{"loc":{"start":{"line":162,"column":6},"end":{"line":162,"column":44}},"type":"binary-expr","locations":[{"start":{"line":162,"column":6},"end":{"line":162,"column":20}},{"start":{"line":162,"column":20},"end":{"line":162,"column":44}}],"line":162},"18":{"loc":{"start":{"line":167,"column":18},"end":{"line":167,"column":null}},"type":"binary-expr","locations":[{"start":{"line":167,"column":18},"end":{"line":167,"column":40}},{"start":{"line":167,"column":44},"end":{"line":167,"column":null}}],"line":167},"19":{"loc":{"start":{"line":169,"column":17},"end":{"line":169,"column":null}},"type":"binary-expr","locations":[{"start":{"line":169,"column":17},"end":{"line":169,"column":44}},{"start":{"line":169,"column":48},"end":{"line":169,"column":null}}],"line":169},"20":{"loc":{"start":{"line":170,"column":3},"end":{"line":172,"column":null}},"type":"if","locations":[{"start":{"line":170,"column":3},"end":{"line":172,"column":null}},{"start":{},"end":{}}],"line":170},"21":{"loc":{"start":{"line":176,"column":2},"end":{"line":178,"column":null}},"type":"if","locations":[{"start":{"line":176,"column":2},"end":{"line":178,"column":null}},{"start":{},"end":{}}],"line":176},"22":{"loc":{"start":{"line":184,"column":44},"end":{"line":184,"column":null}},"type":"cond-expr","locations":[{"start":{"line":184,"column":67},"end":{"line":184,"column":71}},{"start":{"line":184,"column":71},"end":{"line":184,"column":null}}],"line":184},"23":{"loc":{"start":{"line":189,"column":25},"end":{"line":189,"column":null}},"type":"cond-expr","locations":[{"start":{"line":189,"column":48},"end":{"line":189,"column":89}},{"start":{"line":189,"column":92},"end":{"line":189,"column":null}}],"line":189},"24":{"loc":{"start":{"line":191,"column":38},"end":{"line":191,"column":83}},"type":"cond-expr","locations":[{"start":{"line":191,"column":61},"end":{"line":191,"column":78}},{"start":{"line":191,"column":81},"end":{"line":191,"column":83}}],"line":191},"25":{"loc":{"start":{"line":193,"column":22},"end":{"line":193,"column":94}},"type":"cond-expr","locations":[{"start":{"line":193,"column":41},"end":{"line":193,"column":45}},{"start":{"line":193,"column":45},"end":{"line":193,"column":94}}],"line":193},"26":{"loc":{"start":{"line":203,"column":1},"end":{"line":204,"column":null}},"type":"if","locations":[{"start":{"line":203,"column":1},"end":{"line":204,"column":null}},{"start":{},"end":{}}],"line":203},"27":{"loc":{"start":{"line":247,"column":2},"end":{"line":258,"column":null}},"type":"if","locations":[{"start":{"line":247,"column":2},"end":{"line":258,"column":null}},{"start":{},"end":{}}],"line":247},"28":{"loc":{"start":{"line":273,"column":1},"end":{"line":276,"column":null}},"type":"if","locations":[{"start":{"line":273,"column":1},"end":{"line":276,"column":null}},{"start":{},"end":{}}],"line":273},"29":{"loc":{"start":{"line":276,"column":3},"end":{"line":276,"column":null}},"type":"if","locations":[{"start":{"line":276,"column":3},"end":{"line":276,"column":null}},{"start":{},"end":{}}],"line":276},"30":{"loc":{"start":{"line":290,"column":2},"end":{"line":295,"column":null}},"type":"cond-expr","locations":[{"start":{"line":291,"column":5},"end":{"line":291,"column":null}},{"start":{"line":291,"column":5},"end":{"line":295,"column":null}}],"line":290},"31":{"loc":{"start":{"line":294,"column":12},"end":{"line":294,"column":null}},"type":"cond-expr","locations":[{"start":{"line":294,"column":38},"end":{"line":294,"column":44}},{"start":{"line":294,"column":44},"end":{"line":294,"column":null}}],"line":294},"32":{"loc":{"start":{"line":296,"column":1},"end":{"line":296,"column":null}},"type":"if","locations":[{"start":{"line":296,"column":1},"end":{"line":296,"column":null}},{"start":{},"end":{}}],"line":296},"33":{"loc":{"start":{"line":299,"column":2},"end":{"line":299,"column":null}},"type":"if","locations":[{"start":{"line":299,"column":2},"end":{"line":299,"column":null}},{"start":{},"end":{}}],"line":299},"34":{"loc":{"start":{"line":310,"column":1},"end":{"line":310,"column":null}},"type":"if","locations":[{"start":{"line":310,"column":1},"end":{"line":310,"column":null}},{"start":{},"end":{}}],"line":310},"35":{"loc":{"start":{"line":311,"column":37},"end":{"line":311,"column":83}},"type":"cond-expr","locations":[{"start":{"line":311,"column":56},"end":{"line":311,"column":73}},{"start":{"line":311,"column":73},"end":{"line":311,"column":83}}],"line":311},"36":{"loc":{"start":{"line":312,"column":1},"end":{"line":312,"column":null}},"type":"if","locations":[{"start":{"line":312,"column":1},"end":{"line":312,"column":null}},{"start":{},"end":{}}],"line":312},"37":{"loc":{"start":{"line":330,"column":2},"end":{"line":330,"column":null}},"type":"if","locations":[{"start":{"line":330,"column":2},"end":{"line":330,"column":null}},{"start":{},"end":{}}],"line":330},"38":{"loc":{"start":{"line":330,"column":6},"end":{"line":330,"column":50}},"type":"binary-expr","locations":[{"start":{"line":330,"column":6},"end":{"line":330,"column":21}},{"start":{"line":330,"column":21},"end":{"line":330,"column":50}}],"line":330},"39":{"loc":{"start":{"line":333,"column":2},"end":{"line":333,"column":null}},"type":"if","locations":[{"start":{"line":333,"column":2},"end":{"line":333,"column":null}},{"start":{},"end":{}}],"line":333},"40":{"loc":{"start":{"line":338,"column":19},"end":{"line":338,"column":null}},"type":"binary-expr","locations":[{"start":{"line":338,"column":19},"end":{"line":338,"column":28}},{"start":{"line":338,"column":28},"end":{"line":338,"column":null}}],"line":338},"41":{"loc":{"start":{"line":339,"column":27},"end":{"line":339,"column":null}},"type":"binary-expr","locations":[{"start":{"line":339,"column":27},"end":{"line":339,"column":55}},{"start":{"line":339,"column":55},"end":{"line":339,"column":null}}],"line":339},"42":{"loc":{"start":{"line":343,"column":30},"end":{"line":343,"column":null}},"type":"binary-expr","locations":[{"start":{"line":343,"column":30},"end":{"line":343,"column":54}},{"start":{"line":343,"column":54},"end":{"line":343,"column":null}}],"line":343},"43":{"loc":{"start":{"line":344,"column":20},"end":{"line":344,"column":null}},"type":"cond-expr","locations":[{"start":{"line":344,"column":69},"end":{"line":344,"column":97}},{"start":{"line":344,"column":97},"end":{"line":344,"column":null}}],"line":344},"44":{"loc":{"start":{"line":344,"column":20},"end":{"line":344,"column":69}},"type":"binary-expr","locations":[{"start":{"line":344,"column":20},"end":{"line":344,"column":43}},{"start":{"line":344,"column":43},"end":{"line":344,"column":69}}],"line":344},"45":{"loc":{"start":{"line":345,"column":14},"end":{"line":345,"column":null}},"type":"cond-expr","locations":[{"start":{"line":345,"column":24},"end":{"line":345,"column":42}},{"start":{"line":345,"column":42},"end":{"line":345,"column":null}}],"line":345},"46":{"loc":{"start":{"line":346,"column":14},"end":{"line":346,"column":null}},"type":"cond-expr","locations":[{"start":{"line":346,"column":24},"end":{"line":346,"column":36}},{"start":{"line":346,"column":36},"end":{"line":346,"column":null}}],"line":346},"47":{"loc":{"start":{"line":361,"column":2},"end":{"line":361,"column":null}},"type":"if","locations":[{"start":{"line":361,"column":2},"end":{"line":361,"column":null}},{"start":{},"end":{}}],"line":361},"48":{"loc":{"start":{"line":363,"column":2},"end":{"line":363,"column":null}},"type":"if","locations":[{"start":{"line":363,"column":2},"end":{"line":363,"column":null}},{"start":{},"end":{}}],"line":363},"49":{"loc":{"start":{"line":367,"column":18},"end":{"line":367,"column":null}},"type":"binary-expr","locations":[{"start":{"line":367,"column":18},"end":{"line":367,"column":41}},{"start":{"line":367,"column":41},"end":{"line":367,"column":null}}],"line":367},"50":{"loc":{"start":{"line":368,"column":14},"end":{"line":368,"column":null}},"type":"cond-expr","locations":[{"start":{"line":368,"column":24},"end":{"line":368,"column":37}},{"start":{"line":368,"column":37},"end":{"line":368,"column":null}}],"line":368},"51":{"loc":{"start":{"line":369,"column":14},"end":{"line":369,"column":null}},"type":"cond-expr","locations":[{"start":{"line":369,"column":24},"end":{"line":369,"column":36}},{"start":{"line":369,"column":36},"end":{"line":369,"column":null}}],"line":369},"52":{"loc":{"start":{"line":371,"column":59},"end":{"line":371,"column":91}},"type":"binary-expr","locations":[{"start":{"line":371,"column":59},"end":{"line":371,"column":79}},{"start":{"line":371,"column":79},"end":{"line":371,"column":91}}],"line":371},"53":{"loc":{"start":{"line":385,"column":2},"end":{"line":385,"column":null}},"type":"if","locations":[{"start":{"line":385,"column":2},"end":{"line":385,"column":null}},{"start":{},"end":{}}],"line":385},"54":{"loc":{"start":{"line":387,"column":2},"end":{"line":387,"column":null}},"type":"if","locations":[{"start":{"line":387,"column":2},"end":{"line":387,"column":null}},{"start":{},"end":{}}],"line":387},"55":{"loc":{"start":{"line":392,"column":20},"end":{"line":392,"column":null}},"type":"cond-expr","locations":[{"start":{"line":392,"column":46},"end":{"line":392,"column":74}},{"start":{"line":392,"column":74},"end":{"line":392,"column":null}}],"line":392},"56":{"loc":{"start":{"line":393,"column":14},"end":{"line":393,"column":null}},"type":"cond-expr","locations":[{"start":{"line":393,"column":24},"end":{"line":393,"column":37}},{"start":{"line":393,"column":37},"end":{"line":393,"column":null}}],"line":393},"57":{"loc":{"start":{"line":394,"column":14},"end":{"line":394,"column":null}},"type":"cond-expr","locations":[{"start":{"line":394,"column":24},"end":{"line":394,"column":36}},{"start":{"line":394,"column":36},"end":{"line":394,"column":null}}],"line":394},"58":{"loc":{"start":{"line":414,"column":2},"end":{"line":414,"column":null}},"type":"if","locations":[{"start":{"line":414,"column":2},"end":{"line":414,"column":null}},{"start":{},"end":{}}],"line":414},"59":{"loc":{"start":{"line":419,"column":3},"end":{"line":419,"column":null}},"type":"if","locations":[{"start":{"line":419,"column":3},"end":{"line":419,"column":null}},{"start":{},"end":{}}],"line":419},"60":{"loc":{"start":{"line":422,"column":3},"end":{"line":422,"column":null}},"type":"if","locations":[{"start":{"line":422,"column":3},"end":{"line":422,"column":null}},{"start":{},"end":{}}],"line":422},"61":{"loc":{"start":{"line":424,"column":18},"end":{"line":424,"column":95}},"type":"cond-expr","locations":[{"start":{"line":424,"column":54},"end":{"line":424,"column":75}},{"start":{"line":424,"column":75},"end":{"line":424,"column":95}}],"line":424},"62":{"loc":{"start":{"line":432,"column":20},"end":{"line":432,"column":56}},"type":"binary-expr","locations":[{"start":{"line":432,"column":20},"end":{"line":432,"column":39}},{"start":{"line":432,"column":39},"end":{"line":432,"column":56}}],"line":432},"63":{"loc":{"start":{"line":436,"column":3},"end":{"line":436,"column":null}},"type":"if","locations":[{"start":{"line":436,"column":3},"end":{"line":436,"column":null}},{"start":{},"end":{}}],"line":436},"64":{"loc":{"start":{"line":438,"column":4},"end":{"line":438,"column":null}},"type":"if","locations":[{"start":{"line":438,"column":4},"end":{"line":438,"column":null}},{"start":{},"end":{}}],"line":438},"65":{"loc":{"start":{"line":440,"column":5},"end":{"line":440,"column":null}},"type":"if","locations":[{"start":{"line":440,"column":5},"end":{"line":440,"column":null}},{"start":{},"end":{}}],"line":440},"66":{"loc":{"start":{"line":442,"column":5},"end":{"line":442,"column":null}},"type":"if","locations":[{"start":{"line":442,"column":5},"end":{"line":442,"column":null}},{"start":{},"end":{}}],"line":442},"67":{"loc":{"start":{"line":449,"column":12},"end":{"line":449,"column":null}},"type":"cond-expr","locations":[{"start":{"line":449,"column":31},"end":{"line":449,"column":47}},{"start":{"line":449,"column":47},"end":{"line":449,"column":null}}],"line":449},"68":{"loc":{"start":{"line":466,"column":2},"end":{"line":466,"column":null}},"type":"if","locations":[{"start":{"line":466,"column":2},"end":{"line":466,"column":null}},{"start":{},"end":{}}],"line":466},"69":{"loc":{"start":{"line":516,"column":2},"end":{"line":516,"column":null}},"type":"if","locations":[{"start":{"line":516,"column":2},"end":{"line":516,"column":null}},{"start":{},"end":{}}],"line":516},"70":{"loc":{"start":{"line":523,"column":1},"end":{"line":540,"column":null}},"type":"if","locations":[{"start":{"line":523,"column":1},"end":{"line":540,"column":null}},{"start":{},"end":{}}],"line":523},"71":{"loc":{"start":{"line":526,"column":3},"end":{"line":526,"column":null}},"type":"if","locations":[{"start":{"line":526,"column":3},"end":{"line":526,"column":null}},{"start":{},"end":{}}],"line":526},"72":{"loc":{"start":{"line":528,"column":3},"end":{"line":528,"column":null}},"type":"if","locations":[{"start":{"line":528,"column":3},"end":{"line":528,"column":null}},{"start":{},"end":{}}],"line":528},"73":{"loc":{"start":{"line":531,"column":3},"end":{"line":531,"column":null}},"type":"if","locations":[{"start":{"line":531,"column":3},"end":{"line":531,"column":null}},{"start":{},"end":{}}],"line":531},"74":{"loc":{"start":{"line":545,"column":1},"end":{"line":569,"column":null}},"type":"if","locations":[{"start":{"line":545,"column":1},"end":{"line":569,"column":null}},{"start":{},"end":{}}],"line":545},"75":{"loc":{"start":{"line":551,"column":4},"end":{"line":555,"column":null}},"type":"if","locations":[{"start":{"line":551,"column":4},"end":{"line":555,"column":null}},{"start":{},"end":{}}],"line":551},"76":{"loc":{"start":{"line":559,"column":3},"end":{"line":559,"column":null}},"type":"if","locations":[{"start":{"line":559,"column":3},"end":{"line":559,"column":null}},{"start":{},"end":{}}],"line":559},"77":{"loc":{"start":{"line":562,"column":4},"end":{"line":562,"column":null}},"type":"cond-expr","locations":[{"start":{"line":562,"column":41},"end":{"line":562,"column":72}},{"start":{"line":562,"column":72},"end":{"line":562,"column":null}}],"line":562},"78":{"loc":{"start":{"line":575,"column":2},"end":{"line":575,"column":null}},"type":"if","locations":[{"start":{"line":575,"column":2},"end":{"line":575,"column":null}},{"start":{},"end":{}}],"line":575},"79":{"loc":{"start":{"line":579,"column":3},"end":{"line":579,"column":null}},"type":"if","locations":[{"start":{"line":579,"column":3},"end":{"line":579,"column":null}},{"start":{},"end":{}}],"line":579},"80":{"loc":{"start":{"line":601,"column":17},"end":{"line":601,"column":null}},"type":"binary-expr","locations":[{"start":{"line":601,"column":17},"end":{"line":601,"column":57}},{"start":{"line":601,"column":57},"end":{"line":601,"column":null}}],"line":601},"81":{"loc":{"start":{"line":630,"column":2},"end":{"line":630,"column":null}},"type":"if","locations":[{"start":{"line":630,"column":2},"end":{"line":630,"column":null}},{"start":{},"end":{}}],"line":630},"82":{"loc":{"start":{"line":631,"column":2},"end":{"line":632,"column":null}},"type":"if","locations":[{"start":{"line":631,"column":2},"end":{"line":632,"column":null}},{"start":{},"end":{}}],"line":631},"83":{"loc":{"start":{"line":645,"column":2},"end":{"line":647,"column":null}},"type":"if","locations":[{"start":{"line":645,"column":2},"end":{"line":647,"column":null}},{"start":{},"end":{}}],"line":645},"84":{"loc":{"start":{"line":681,"column":1},"end":{"line":681,"column":null}},"type":"if","locations":[{"start":{"line":681,"column":1},"end":{"line":681,"column":null}},{"start":{},"end":{}}],"line":681},"85":{"loc":{"start":{"line":681,"column":5},"end":{"line":681,"column":47}},"type":"binary-expr","locations":[{"start":{"line":681,"column":5},"end":{"line":681,"column":25}},{"start":{"line":681,"column":25},"end":{"line":681,"column":47}}],"line":681},"86":{"loc":{"start":{"line":685,"column":2},"end":{"line":685,"column":null}},"type":"if","locations":[{"start":{"line":685,"column":2},"end":{"line":685,"column":null}},{"start":{},"end":{}}],"line":685},"87":{"loc":{"start":{"line":709,"column":19},"end":{"line":709,"column":null}},"type":"cond-expr","locations":[{"start":{"line":709,"column":32},"end":{"line":709,"column":55}},{"start":{"line":709,"column":58},"end":{"line":709,"column":null}}],"line":709},"88":{"loc":{"start":{"line":714,"column":3},"end":{"line":715,"column":null}},"type":"if","locations":[{"start":{"line":714,"column":3},"end":{"line":715,"column":null}},{"start":{},"end":{}}],"line":714},"89":{"loc":{"start":{"line":742,"column":2},"end":{"line":743,"column":null}},"type":"if","locations":[{"start":{"line":742,"column":2},"end":{"line":743,"column":null}},{"start":{},"end":{}}],"line":742},"90":{"loc":{"start":{"line":756,"column":2},"end":{"line":756,"column":null}},"type":"if","locations":[{"start":{"line":756,"column":2},"end":{"line":756,"column":null}},{"start":{},"end":{}}],"line":756},"91":{"loc":{"start":{"line":772,"column":1},"end":{"line":772,"column":null}},"type":"if","locations":[{"start":{"line":772,"column":1},"end":{"line":772,"column":null}},{"start":{},"end":{}}],"line":772},"92":{"loc":{"start":{"line":794,"column":1},"end":{"line":794,"column":null}},"type":"if","locations":[{"start":{"line":794,"column":1},"end":{"line":794,"column":null}},{"start":{},"end":{}}],"line":794},"93":{"loc":{"start":{"line":796,"column":8},"end":{"line":796,"column":null}},"type":"cond-expr","locations":[{"start":{"line":796,"column":29},"end":{"line":796,"column":56}},{"start":{"line":796,"column":59},"end":{"line":796,"column":null}}],"line":796},"94":{"loc":{"start":{"line":805,"column":1},"end":{"line":810,"column":null}},"type":"if","locations":[{"start":{"line":805,"column":1},"end":{"line":810,"column":null}},{"start":{},"end":{}}],"line":805},"95":{"loc":{"start":{"line":807,"column":2},"end":{"line":810,"column":null}},"type":"if","locations":[{"start":{"line":807,"column":2},"end":{"line":810,"column":null}},{"start":{"line":809,"column":13},"end":{"line":810,"column":null}}],"line":807},"96":{"loc":{"start":{"line":809,"column":13},"end":{"line":810,"column":null}},"type":"if","locations":[{"start":{"line":809,"column":13},"end":{"line":810,"column":null}},{"start":{},"end":{}}],"line":809},"97":{"loc":{"start":{"line":814,"column":1},"end":{"line":817,"column":null}},"type":"if","locations":[{"start":{"line":814,"column":1},"end":{"line":817,"column":null}},{"start":{},"end":{}}],"line":814},"98":{"loc":{"start":{"line":817,"column":3},"end":{"line":817,"column":null}},"type":"if","locations":[{"start":{"line":817,"column":3},"end":{"line":817,"column":null}},{"start":{},"end":{}}],"line":817},"99":{"loc":{"start":{"line":831,"column":1},"end":{"line":834,"column":null}},"type":"if","locations":[{"start":{"line":831,"column":1},"end":{"line":834,"column":null}},{"start":{},"end":{}}],"line":831},"100":{"loc":{"start":{"line":833,"column":2},"end":{"line":834,"column":null}},"type":"if","locations":[{"start":{"line":833,"column":2},"end":{"line":834,"column":null}},{"start":{},"end":{}}],"line":833},"101":{"loc":{"start":{"line":841,"column":17},"end":{"line":841,"column":null}},"type":"cond-expr","locations":[{"start":{"line":841,"column":40},"end":{"line":841,"column":74}},{"start":{"line":841,"column":74},"end":{"line":841,"column":null}}],"line":841}},"s":{"0":9,"1":9,"2":56,"3":56,"4":56,"5":79,"6":10,"7":46,"8":67,"9":46,"10":41,"11":58,"12":5,"13":36,"14":50,"15":5,"16":31,"17":42,"18":31,"19":26,"20":34,"21":5,"22":21,"23":15,"24":4,"25":17,"26":20,"27":6,"28":11,"29":11,"30":7,"31":10,"32":10,"33":10,"34":10,"35":10,"36":10,"37":10,"38":10,"39":10,"40":10,"41":10,"42":10,"43":10,"44":10,"45":8,"46":10,"47":10,"48":10,"49":12,"50":12,"51":12,"52":12,"53":12,"54":12,"55":12,"56":12,"57":12,"58":12,"59":12,"60":12,"61":12,"62":0,"63":0,"64":0,"65":0,"66":0,"67":0,"68":0,"69":0,"70":10,"71":10,"72":12,"73":0,"74":12,"75":6,"76":10,"77":10,"78":10,"79":12,"80":9,"81":9,"82":3,"83":3,"84":12,"85":12,"86":3,"87":3,"88":0,"89":0,"90":3,"91":3,"92":3,"93":3,"94":3,"95":10,"96":10,"97":10,"98":10,"99":10,"100":3,"101":10,"102":10,"103":10,"104":9,"105":10,"106":10,"107":10,"108":10,"109":3,"110":3,"111":3,"112":10,"113":6,"114":9,"115":9,"116":9,"117":9,"118":9,"119":9,"120":12,"121":12,"122":12,"123":12,"124":9,"125":10,"126":12,"127":12,"128":12,"129":12,"130":4,"131":12,"132":12,"133":12,"134":12,"135":0,"136":0,"137":0,"138":0,"139":12,"140":12,"141":12,"142":0,"143":0,"144":12,"145":0,"146":12,"147":12,"148":0,"149":0,"150":12,"151":3,"152":3,"153":0,"154":3,"155":0,"156":0,"157":4,"158":6,"159":6,"160":1,"161":5,"162":5,"163":2,"164":3,"165":3,"166":3,"167":3,"168":6,"169":6,"170":6,"171":6,"172":6,"173":6,"174":6,"175":12,"176":0,"177":0,"178":0,"179":0,"180":0,"181":0,"182":0,"183":0,"184":0,"185":0,"186":0,"187":12,"188":0,"189":0,"190":0,"191":0,"192":0,"193":0,"194":0,"195":0,"196":0,"197":0,"198":0,"199":10,"200":10,"201":10,"202":0,"203":0,"204":0,"205":0,"206":0,"207":0,"208":0,"209":0,"210":0,"211":0,"212":0,"213":0,"214":0,"215":0,"216":0,"217":0,"218":0,"219":0,"220":0,"221":0,"222":0,"223":0,"224":0,"225":0,"226":0,"227":0,"228":0,"229":0,"230":0,"231":0,"232":0,"233":0,"234":0,"235":0,"236":0,"237":21,"238":21,"239":28,"240":2,"241":26,"242":23,"243":23,"244":23,"245":23,"246":20,"247":21,"248":8,"249":10,"250":10,"251":10,"252":10,"253":8,"254":8,"255":0,"256":8,"257":8,"258":8,"259":10,"260":1,"261":3,"262":3,"263":1,"264":2,"265":2,"266":0,"267":2,"268":2,"269":0,"270":2,"271":2,"272":10,"273":0,"274":0,"275":0,"276":0,"277":0,"278":0,"279":0,"280":0,"281":0,"282":0,"283":0,"284":0,"285":0,"286":0,"287":0,"288":0,"289":10,"290":12,"291":0,"292":12,"293":6,"294":6,"295":6,"296":0,"297":6,"298":6,"299":10,"300":7,"301":7,"302":7,"303":3,"304":3,"305":3,"306":3,"307":4,"308":4,"309":3,"310":4,"311":23,"312":23,"313":23,"314":23,"315":93,"316":85,"317":93,"318":11,"319":17,"320":23,"321":23,"322":83,"323":83,"324":23,"325":14,"326":14,"327":14,"328":14,"329":23,"330":2279,"331":2279,"332":2279,"333":30191,"334":2279,"335":22,"336":7,"337":15,"338":15,"339":1244,"340":1244,"341":2,"342":13,"343":2247,"344":12,"345":12,"346":12,"347":12,"348":0,"349":0,"350":0,"351":0,"352":0,"353":0,"354":0,"355":0,"356":12,"357":28,"358":28,"359":28,"360":11,"361":28,"362":12,"363":12,"364":0,"365":0,"366":0,"367":12,"368":11,"369":11,"370":71,"371":67,"372":11,"373":11,"374":11,"375":63,"376":63,"377":11,"378":16,"379":7,"380":9,"381":4,"382":4,"383":4,"384":9,"385":1,"386":8,"387":15,"388":8,"389":12,"390":12,"391":5,"392":5,"393":2,"394":3,"395":1,"396":3,"397":12,"398":1,"399":2,"400":2,"401":1,"402":12,"403":44,"404":44,"405":9,"406":9,"407":5,"408":44,"409":44,"410":44,"411":44},"f":{"0":56,"1":79,"2":67,"3":58,"4":50,"5":42,"6":34,"7":15,"8":20,"9":10,"10":10,"11":12,"12":0,"13":0,"14":10,"15":3,"16":9,"17":9,"18":10,"19":12,"20":12,"21":0,"22":0,"23":3,"24":4,"25":12,"26":12,"27":10,"28":0,"29":0,"30":21,"31":8,"32":10,"33":7,"34":23,"35":2279,"36":22,"37":2247,"38":12,"39":28,"40":12,"41":11,"42":16,"43":4,"44":9,"45":15,"46":12,"47":3,"48":44},"b":{"0":[12,44],"1":[10,46],"2":[5,41],"3":[5,36],"4":[5,31],"5":[5,26],"6":[5,21],"7":[4,17],"8":[6,11],"9":[4,7],"10":[12,12],"11":[0,12],"12":[12,0],"13":[0,0],"14":[0,0],"15":[0,12],"16":[9,3],"17":[12,12],"18":[3,0],"19":[3,0],"20":[0,3],"21":[3,0],"22":[6,4],"23":[6,4],"24":[6,4],"25":[10,0],"26":[6,4],"27":[4,8],"28":[0,12],"29":[0,0],"30":[12,0],"31":[0,0],"32":[0,12],"33":[0,0],"34":[3,0],"35":[0,0],"36":[0,3],"37":[1,5],"38":[6,5],"39":[2,3],"40":[3,3],"41":[6,3],"42":[6,0],"43":[0,3],"44":[6,0],"45":[0,3],"46":[0,3],"47":[0,0],"48":[0,0],"49":[0,0],"50":[0,0],"51":[0,0],"52":[0,0],"53":[0,0],"54":[0,0],"55":[0,0],"56":[0,0],"57":[0,0],"58":[0,0],"59":[0,0],"60":[0,0],"61":[0,0],"62":[0,0],"63":[0,0],"64":[0,0],"65":[0,0],"66":[0,0],"67":[0,0],"68":[2,26],"69":[0,8],"70":[1,9],"71":[1,2],"72":[0,2],"73":[0,2],"74":[0,10],"75":[0,0],"76":[0,0],"77":[0,0],"78":[0,12],"79":[0,6],"80":[3,1],"81":[85,8],"82":[11,82],"83":[14,0],"84":[7,15],"85":[22,17],"86":[2,1242],"87":[0,0],"88":[0,0],"89":[0,0],"90":[67,4],"91":[7,9],"92":[1,8],"93":[6,2],"94":[5,7],"95":[2,3],"96":[1,2],"97":[1,11],"98":[1,1],"99":[9,35],"100":[5,4],"101":[6,38]},"meta":{"lastBranch":102,"lastFunction":49,"lastStatement":412,"seen":{"s:19:26:19:Infinity":0,"s:20:26:20:Infinity":1,"f:33:16:33:33":0,"s:34:15:34:72":2,"b:34:38:34:58:34:61:34:72":0,"s:35:15:35:34":3,"b:37:1:38:Infinity:undefined:undefined:undefined:undefined":1,"s:37:1:38:Infinity":4,"f:37:28:37:34":1,"s:37:40:37:66":5,"s:38:2:38:Infinity":6,"b:39:1:40:Infinity:undefined:undefined:undefined:undefined":2,"s:39:1:40:Infinity":7,"f:39:28:39:34":2,"s:39:40:39:66":8,"s:40:2:40:Infinity":9,"b:41:1:42:Infinity:undefined:undefined:undefined:undefined":3,"s:41:1:42:Infinity":10,"f:41:36:41:42":3,"s:41:48:41:74":11,"s:42:2:42:Infinity":12,"b:43:1:44:Infinity:undefined:undefined:undefined:undefined":4,"s:43:1:44:Infinity":13,"f:43:36:43:42":4,"s:43:48:43:74":14,"s:44:2:44:Infinity":15,"b:45:1:45:Infinity:undefined:undefined:undefined:undefined":5,"s:45:1:45:Infinity":16,"f:45:24:45:30":5,"s:45:36:45:62":17,"s:45:64:45:Infinity":18,"b:46:1:46:Infinity:undefined:undefined:undefined:undefined":6,"s:46:1:46:Infinity":19,"f:46:25:46:31":6,"s:46:37:46:63":20,"s:46:65:46:Infinity":21,"b:47:1:48:Infinity:undefined:undefined:undefined:undefined":7,"s:47:1:48:Infinity":22,"f:47:26:47:32":7,"s:47:38:47:64":23,"s:48:2:48:Infinity":24,"b:49:1:50:Infinity:undefined:undefined:undefined:undefined":8,"s:49:1:50:Infinity":25,"f:49:33:49:39":8,"s:49:45:49:71":26,"s:50:2:50:Infinity":27,"b:51:1:51:Infinity:undefined:undefined:undefined:undefined":9,"s:51:1:51:Infinity":28,"s:51:33:51:Infinity":29,"s:53:1:53:Infinity":30,"f:56:16:56:36":9,"s:57:15:57:43":31,"s:58:28:58:30":32,"s:59:28:59:30":33,"s:60:17:60:45":34,"s:61:17:61:34":35,"s:64:22:64:47":36,"s:65:1:65:Infinity":37,"s:68:1:68:Infinity":38,"s:71:1:71:Infinity":39,"s:72:1:72:Infinity":40,"s:75:1:75:Infinity":41,"s:78:19:78:75":42,"s:79:1:79:Infinity":43,"s:80:1:80:Infinity":44,"s:80:35:80:Infinity":45,"s:81:1:81:Infinity":46,"s:83:1:83:Infinity":47,"f:87:9:87:Infinity":10,"s:95:1:117:Infinity":48,"s:96:16:96:52":49,"s:97:22:97:Infinity":50,"s:99:26:113:Infinity":51,"b:107:5:107:Infinity:108:5:108:Infinity":10,"b:108:31:108:57:108:57:108:Infinity":11,"s:114:2:114:Infinity":52,"s:115:2:115:Infinity":53,"s:116:2:116:Infinity":54,"s:117:2:117:Infinity":55,"f:122:9:122:27":11,"s:123:20:123:46":56,"b:124:1:141:Infinity:129:12:141:Infinity":12,"s:124:1:141:Infinity":57,"s:125:2:125:Infinity":58,"s:126:15:126:47":59,"s:127:2:127:Infinity":60,"s:128:2:128:Infinity":61,"b:129:12:141:Infinity:undefined:undefined:undefined:undefined":13,"s:129:12:141:Infinity":62,"b:129:12:129:26:129:26:129:97":14,"s:131:3:141:Infinity":63,"f:132:4:132:10":12,"s:133:4:133:Infinity":64,"s:134:17:134:43":65,"s:135:4:135:Infinity":66,"s:136:4:136:Infinity":67,"f:138:4:138:16":13,"s:139:4:139:Infinity":68,"s:140:4:140:Infinity":69,"f:152:9:152:31":14,"s:153:19:153:44":70,"s:154:1:156:Infinity":71,"b:155:2:155:Infinity:undefined:undefined:undefined:undefined":15,"s:155:2:155:Infinity":72,"s:155:18:155:Infinity":73,"s:156:2:156:Infinity":74,"s:156:31:156:Infinity":75,"s:159:19:159:49":76,"s:160:32:160:34":77,"s:161:1:180:Infinity":78,"b:162:2:164:Infinity:undefined:undefined:undefined:undefined":16,"s:162:2:164:Infinity":79,"b:162:6:162:20:162:20:162:44":17,"s:163:3:163:Infinity":80,"s:164:3:164:Infinity":81,"s:166:16:166:Infinity":82,"s:167:18:167:Infinity":83,"b:167:18:167:40:167:44:167:Infinity":18,"s:168:2:172:Infinity":84,"s:168:15:168:18":85,"s:169:17:169:Infinity":86,"b:169:17:169:44:169:48:169:Infinity":19,"b:170:3:172:Infinity:undefined:undefined:undefined:undefined":20,"s:170:3:172:Infinity":87,"s:171:4:171:Infinity":88,"s:172:4:172:Infinity":89,"s:175:14:175:36":90,"b:176:2:178:Infinity:undefined:undefined:undefined:undefined":21,"s:176:2:178:Infinity":91,"s:177:3:177:Infinity":92,"s:178:3:178:Infinity":93,"s:180:2:180:Infinity":94,"s:183:22:183:46":95,"s:184:21:184:Infinity":96,"b:184:67:184:71:184:71:184:Infinity":22,"s:185:21:185:Infinity":97,"s:186:13:186:Infinity":98,"s:188:20:188:94":99,"f:188:33:188:38":15,"s:188:54:188:93":100,"s:189:25:189:Infinity":101,"b:189:48:189:89:189:92:189:Infinity":23,"s:191:18:191:85":102,"b:191:61:191:78:191:81:191:83":24,"s:192:28:192:77":103,"f:192:37:192:45":16,"s:192:56:192:75":104,"s:193:22:193:94":105,"b:193:41:193:45:193:45:193:94":25,"s:195:13:195:Infinity":106,"s:196:10:196:Infinity":107,"s:197:1:200:Infinity":108,"s:198:12:198:Infinity":109,"s:199:2:199:Infinity":110,"s:200:2:200:Infinity":111,"b:203:1:204:Infinity:undefined:undefined:undefined:undefined":26,"s:203:1:204:Infinity":112,"s:204:2:204:Infinity":113,"f:209:9:209:Infinity":17,"s:216:16:216:Infinity":114,"s:217:17:217:Infinity":115,"s:218:1:218:Infinity":116,"s:220:12:220:Infinity":117,"s:221:12:221:Infinity":118,"s:222:1:226:Infinity":119,"s:223:12:223:Infinity":120,"s:224:12:224:Infinity":121,"s:225:2:225:Infinity":122,"s:226:2:226:Infinity":123,"s:229:1:229:Infinity":124,"f:233:9:233:Infinity":18,"s:242:1:262:Infinity":125,"s:243:16:243:52":126,"s:244:22:244:67":127,"s:245:26:245:73":128,"b:247:2:258:Infinity:undefined:undefined:undefined:undefined":27,"s:247:2:258:Infinity":129,"s:248:3:258:Infinity":130,"s:261:2:261:Infinity":131,"s:262:2:262:Infinity":132,"f:267:9:267:Infinity":19,"s:272:21:272:46":133,"b:273:1:276:Infinity:undefined:undefined:undefined:undefined":28,"s:273:1:276:Infinity":134,"s:274:2:276:Infinity":135,"s:275:22:275:81":136,"b:276:3:276:Infinity:undefined:undefined:undefined:undefined":29,"s:276:3:276:Infinity":137,"s:276:19:276:Infinity":138,"s:279:1:279:Infinity":139,"f:283:9:283:Infinity":20,"s:288:17:288:44":140,"s:290:2:295:Infinity":141,"b:291:5:291:Infinity:291:5:295:Infinity":30,"f:291:5:291:Infinity":21,"s:293:17:293:43":142,"s:294:5:294:Infinity":143,"b:294:38:294:44:294:44:294:Infinity":31,"b:296:1:296:Infinity:undefined:undefined:undefined:undefined":32,"s:296:1:296:Infinity":144,"s:296:25:296:Infinity":145,"s:297:13:297:52":146,"s:298:1:300:Infinity":147,"f:298:48:298:57":22,"b:299:2:299:Infinity:undefined:undefined:undefined:undefined":33,"s:299:2:299:Infinity":148,"s:299:23:299:Infinity":149,"s:301:1:301:Infinity":150,"f:305:9:305:Infinity":23,"b:310:1:310:Infinity:undefined:undefined:undefined:undefined":34,"s:310:1:310:Infinity":151,"s:310:16:310:Infinity":152,"s:311:20:311:92":153,"b:311:56:311:73:311:73:311:83":35,"b:312:1:312:Infinity:undefined:undefined:undefined:undefined":36,"s:312:1:312:Infinity":154,"s:312:17:312:Infinity":155,"s:313:1:313:Infinity":156,"f:317:9:317:Infinity":24,"s:328:1:347:Infinity":157,"s:329:21:329:81":158,"b:330:2:330:Infinity:undefined:undefined:undefined:undefined":37,"s:330:2:330:Infinity":159,"b:330:6:330:21:330:21:330:50":38,"s:330:52:330:Infinity":160,"s:332:17:332:Infinity":161,"b:333:2:333:Infinity:undefined:undefined:undefined:undefined":39,"s:333:2:333:Infinity":162,"s:333:27:333:Infinity":163,"s:334:2:334:Infinity":164,"s:336:23:336:59":165,"s:337:16:337:48":166,"s:338:19:338:Infinity":167,"b:338:19:338:28:338:28:338:Infinity":40,"s:339:27:339:Infinity":168,"b:339:27:339:55:339:55:339:Infinity":41,"s:341:32:341:98":169,"s:343:30:343:Infinity":170,"b:343:30:343:54:343:54:343:Infinity":42,"s:344:20:344:Infinity":171,"b:344:69:344:97:344:97:344:Infinity":43,"b:344:20:344:43:344:43:344:69":44,"s:345:14:345:Infinity":172,"b:345:24:345:42:345:42:345:Infinity":45,"s:346:14:346:Infinity":173,"b:346:24:346:36:346:36:346:Infinity":46,"s:347:2:347:Infinity":174,"f:352:9:352:Infinity":25,"s:360:1:371:Infinity":175,"b:361:2:361:Infinity:undefined:undefined:undefined:undefined":47,"s:361:2:361:Infinity":176,"s:361:32:361:Infinity":177,"s:362:17:362:Infinity":178,"b:363:2:363:Infinity:undefined:undefined:undefined:undefined":48,"s:363:2:363:Infinity":179,"s:363:27:363:Infinity":180,"s:364:2:364:Infinity":181,"s:366:21:366:66":182,"s:367:18:367:Infinity":183,"b:367:18:367:41:367:41:367:Infinity":49,"s:368:14:368:Infinity":184,"b:368:24:368:37:368:37:368:Infinity":50,"s:369:14:369:Infinity":185,"b:369:24:369:36:369:36:369:Infinity":51,"s:371:2:371:Infinity":186,"b:371:59:371:79:371:79:371:91":52,"f:376:9:376:Infinity":26,"s:384:1:395:Infinity":187,"b:385:2:385:Infinity:undefined:undefined:undefined:undefined":53,"s:385:2:385:Infinity":188,"s:385:32:385:Infinity":189,"s:386:17:386:Infinity":190,"b:387:2:387:Infinity:undefined:undefined:undefined:undefined":54,"s:387:2:387:Infinity":191,"s:387:27:387:Infinity":192,"s:388:2:388:Infinity":193,"s:390:32:390:106":194,"s:392:20:392:Infinity":195,"b:392:46:392:74:392:74:392:Infinity":55,"s:393:14:393:Infinity":196,"b:393:24:393:37:393:37:393:Infinity":56,"s:394:14:394:Infinity":197,"b:394:24:394:36:394:36:394:Infinity":57,"s:395:2:395:Infinity":198,"f:403:9:403:Infinity":27,"s:410:25:410:Infinity":199,"s:411:23:411:Infinity":200,"s:413:1:452:Infinity":201,"b:414:2:414:Infinity:undefined:undefined:undefined:undefined":58,"s:414:2:414:Infinity":202,"s:414:42:414:Infinity":203,"s:416:23:416:50":204,"s:417:2:427:Infinity":205,"s:418:24:418:64":206,"b:419:3:419:Infinity:undefined:undefined:undefined:undefined":59,"s:419:3:419:Infinity":207,"s:419:41:419:Infinity":208,"s:420:17:420:61":209,"s:421:23:421:Infinity":210,"b:422:3:422:Infinity:undefined:undefined:undefined:undefined":60,"s:422:3:422:Infinity":211,"s:422:30:422:Infinity":212,"s:424:18:424:95":213,"b:424:54:424:75:424:75:424:95":61,"s:425:3:427:Infinity":214,"s:426:16:426:Infinity":215,"s:427:4:427:Infinity":216,"s:431:17:433:39":217,"f:432:4:432:12":28,"s:432:20:432:56":218,"b:432:20:432:39:432:39:432:56":62,"f:433:4:433:10":29,"s:433:19:433:39":219,"s:435:2:452:Infinity":220,"b:436:3:436:Infinity:undefined:undefined:undefined:undefined":63,"s:436:3:436:Infinity":221,"s:436:43:436:Infinity":222,"s:437:3:452:Infinity":223,"s:437:16:437:19":224,"b:438:4:438:Infinity:undefined:undefined:undefined:undefined":64,"s:438:4:438:Infinity":225,"s:438:44:438:Infinity":226,"s:439:4:452:Infinity":227,"s:439:17:439:24":228,"b:440:5:440:Infinity:undefined:undefined:undefined:undefined":65,"s:440:5:440:Infinity":229,"s:440:45:440:Infinity":230,"s:441:20:441:Infinity":231,"b:442:5:442:Infinity:undefined:undefined:undefined:undefined":66,"s:442:5:442:Infinity":232,"s:442:30:442:Infinity":233,"s:443:5:443:Infinity":234,"s:445:5:451:Infinity":235,"b:449:31:449:47:449:47:449:Infinity":67,"s:452:5:452:Infinity":236,"f:463:16:463:31":30,"s:464:17:464:34":237,"s:465:1:471:Infinity":238,"b:466:2:466:Infinity:undefined:undefined:undefined:undefined":68,"s:466:2:466:Infinity":239,"s:466:18:466:Infinity":240,"s:467:2:471:Infinity":241,"s:468:3:468:Infinity":242,"s:469:17:469:31":243,"s:470:3:471:Infinity":244,"s:470:16:470:19":245,"s:471:4:471:Infinity":246,"s:475:1:475:Infinity":247,"f:479:9:479:30":31,"s:480:1:489:Infinity":248,"f:502:9:502:Infinity":32,"s:508:28:508:30":249,"s:509:28:509:30":250,"s:511:17:511:42":251,"s:514:1:519:Infinity":252,"s:515:16:515:Infinity":253,"b:516:2:516:Infinity:undefined:undefined:undefined:undefined":69,"s:516:2:516:Infinity":254,"s:516:26:516:Infinity":255,"s:517:18:517:43":256,"s:518:2:518:Infinity":257,"s:519:2:519:Infinity":258,"b:523:1:540:Infinity:undefined:undefined:undefined:undefined":70,"s:523:1:540:Infinity":259,"s:524:2:540:Infinity":260,"s:525:20:525:40":261,"b:526:3:526:Infinity:undefined:undefined:undefined:undefined":71,"s:526:3:526:Infinity":262,"s:526:24:526:Infinity":263,"s:527:21:527:47":264,"b:528:3:528:Infinity:undefined:undefined:undefined:undefined":72,"s:528:3:528:Infinity":265,"s:528:32:528:Infinity":266,"s:530:18:530:Infinity":267,"b:531:3:531:Infinity:undefined:undefined:undefined:undefined":73,"s:531:3:531:Infinity":268,"s:531:28:531:Infinity":269,"s:532:3:532:Infinity":270,"s:534:3:540:Infinity":271,"b:545:1:569:Infinity:undefined:undefined:undefined:undefined":74,"s:545:1:569:Infinity":272,"s:546:2:569:Infinity":273,"s:547:18:547:Infinity":274,"s:548:18:548:Infinity":275,"s:549:3:555:Infinity":276,"s:550:18:550:Infinity":277,"b:551:4:555:Infinity:undefined:undefined:undefined:undefined":75,"s:551:4:555:Infinity":278,"s:552:5:552:Infinity":279,"s:553:21:553:46":280,"s:554:5:554:Infinity":281,"s:555:5:555:Infinity":282,"s:558:18:558:Infinity":283,"b:559:3:559:Infinity:undefined:undefined:undefined:undefined":76,"s:559:3:559:Infinity":284,"s:559:28:559:Infinity":285,"s:560:3:560:Infinity":286,"s:562:4:562:Infinity":287,"b:562:41:562:72:562:72:562:Infinity":77,"s:563:3:569:Infinity":288,"s:574:1:587:Infinity":289,"b:575:2:575:Infinity:undefined:undefined:undefined:undefined":78,"s:575:2:575:Infinity":290,"s:575:18:575:Infinity":291,"s:576:2:587:Infinity":292,"s:577:17:577:Infinity":293,"s:578:18:578:Infinity":294,"b:579:3:579:Infinity:undefined:undefined:undefined:undefined":79,"s:579:3:579:Infinity":295,"s:579:28:579:Infinity":296,"s:580:3:580:Infinity":297,"s:582:3:587:Infinity":298,"s:591:1:591:Infinity":299,"f:594:16:594:34":33,"s:595:15:595:43":300,"s:596:16:596:49":301,"s:598:1:607:Infinity":302,"s:599:16:599:52":303,"s:600:22:600:Infinity":304,"s:601:17:601:Infinity":305,"b:601:17:601:57:601:57:601:Infinity":80,"s:603:2:607:Infinity":306,"s:610:34:610:36":307,"s:611:1:612:Infinity":308,"s:612:2:612:Infinity":309,"s:615:1:615:Infinity":310,"f:624:16:624:33":34,"s:625:18:625:43":311,"s:626:20:626:37":312,"s:627:14:627:31":313,"s:629:1:632:Infinity":314,"b:630:2:630:Infinity:undefined:undefined:undefined:undefined":81,"s:630:2:630:Infinity":315,"s:630:21:630:Infinity":316,"b:631:2:632:Infinity:undefined:undefined:undefined:undefined":82,"s:631:2:632:Infinity":317,"s:632:3:632:Infinity":318,"s:632:30:632:Infinity":319,"s:636:9:636:Infinity":320,"s:638:1:640:Infinity":321,"s:639:2:639:Infinity":322,"s:640:2:640:Infinity":323,"s:643:1:647:Infinity":324,"s:644:14:644:Infinity":325,"b:645:2:647:Infinity:undefined:undefined:undefined:undefined":83,"s:645:2:647:Infinity":326,"s:646:3:646:Infinity":327,"s:647:3:647:Infinity":328,"s:651:1:651:Infinity":329,"f:658:16:658:27":35,"s:659:9:659:Infinity":330,"s:660:1:661:Infinity":331,"s:660:14:660:17":332,"s:661:2:661:Infinity":333,"s:663:1:663:Infinity":334,"f:676:16:676:Infinity":36,"b:681:1:681:Infinity:undefined:undefined:undefined:undefined":84,"s:681:1:681:Infinity":335,"b:681:5:681:25:681:25:681:47":85,"s:681:47:681:Infinity":336,"s:682:22:682:39":337,"s:683:1:685:Infinity":338,"s:684:2:684:Infinity":339,"b:685:2:685:Infinity:undefined:undefined:undefined:undefined":86,"s:685:2:685:Infinity":340,"s:685:29:685:Infinity":341,"s:688:1:688:Infinity":342,"f:688:1:688:9":37,"s:688:18:688:Infinity":343,"f:700:9:700:27":38,"s:701:16:701:52":344,"s:702:17:702:Infinity":345,"s:703:16:703:Infinity":346,"s:706:1:715:Infinity":347,"s:707:18:707:29":348,"s:708:21:708:44":349,"s:709:19:709:Infinity":350,"b:709:32:709:55:709:58:709:Infinity":87,"s:710:16:710:Infinity":351,"s:712:2:715:Infinity":352,"s:713:22:713:79":353,"b:714:3:715:Infinity:undefined:undefined:undefined:undefined":88,"s:714:3:715:Infinity":354,"s:715:4:715:Infinity":355,"s:719:1:719:Infinity":356,"f:727:16:727:44":39,"s:728:66:728:68":357,"s:729:12:729:Infinity":358,"s:731:1:732:Infinity":359,"s:732:2:732:Infinity":360,"s:734:1:734:Infinity":361,"f:738:9:738:34":40,"s:739:16:739:52":362,"s:740:1:743:Infinity":363,"s:741:21:741:83":364,"b:742:2:743:Infinity:undefined:undefined:undefined:undefined":89,"s:742:2:743:Infinity":365,"s:743:3:743:Infinity":366,"s:746:1:746:Infinity":367,"f:753:16:753:38":41,"s:754:19:754:36":368,"s:755:1:756:Infinity":369,"b:756:2:756:Infinity:undefined:undefined:undefined:undefined":90,"s:756:2:756:Infinity":370,"s:756:18:756:Infinity":371,"s:758:18:758:43":372,"s:759:9:759:Infinity":373,"s:760:1:762:Infinity":374,"s:761:2:761:Infinity":375,"s:762:2:762:Infinity":376,"s:764:1:764:Infinity":377,"f:771:16:771:31":42,"b:772:1:772:Infinity:undefined:undefined:undefined:undefined":91,"s:772:1:772:Infinity":378,"s:772:19:772:Infinity":379,"s:773:1:786:Infinity":380,"f:774:2:774:8":43,"s:775:17:775:42":381,"s:776:3:781:Infinity":382,"s:782:3:782:Infinity":383,"f:793:16:793:29":44,"b:794:1:794:Infinity:undefined:undefined:undefined:undefined":92,"s:794:1:794:Infinity":384,"s:794:19:794:Infinity":385,"s:795:17:795:78":386,"f:795:45:795:53":45,"s:795:61:795:78":387,"s:796:1:796:Infinity":388,"b:796:29:796:56:796:59:796:Infinity":93,"f:799:9:799:Infinity":46,"s:803:24:803:26":389,"b:805:1:810:Infinity:undefined:undefined:undefined:undefined":94,"s:805:1:810:Infinity":390,"s:806:13:806:Infinity":391,"b:807:2:810:Infinity:809:13:810:Infinity":95,"s:807:2:810:Infinity":392,"s:808:3:808:Infinity":393,"b:809:13:810:Infinity:undefined:undefined:undefined:undefined":96,"s:809:13:810:Infinity":394,"s:810:3:810:Infinity":395,"f:810:30:810:35":47,"s:810:41:810:49":396,"b:814:1:817:Infinity:undefined:undefined:undefined:undefined":97,"s:814:1:817:Infinity":397,"s:815:2:817:Infinity":398,"s:816:15:816:38":399,"b:817:3:817:Infinity:undefined:undefined:undefined:undefined":98,"s:817:3:817:Infinity":400,"s:817:28:817:Infinity":401,"s:821:1:821:Infinity":402,"f:828:16:828:32":48,"s:829:12:829:Infinity":403,"b:831:1:834:Infinity:undefined:undefined:undefined:undefined":99,"s:831:1:834:Infinity":404,"s:832:17:832:39":405,"b:833:2:834:Infinity:undefined:undefined:undefined:undefined":100,"s:833:2:834:Infinity":406,"s:834:3:834:Infinity":407,"s:838:1:838:Infinity":408,"s:840:1:840:Infinity":409,"s:841:17:841:Infinity":410,"b:841:40:841:74:841:74:841:Infinity":101,"s:842:1:842:Infinity":411}}}
}
